Performing C SOURCE FILE Test CMAKE_HAVE_LIBC_PTHREAD failed with the following output:
Change Dir: /home/smartcam/Desktop/EE_code/multipurposecamera/EE_team/init_resources/openpose/openpose-1.7.0/build/caffe/src/openpose_lib-build/CMakeFiles/CMakeTmp

Run Build Command(s):/usr/bin/make cmTC_8667a/fast && make[3]: Entering directory '/home/smartcam/Desktop/EE_code/multipurposecamera/EE_team/init_resources/openpose/openpose-1.7.0/build/caffe/src/openpose_lib-build/CMakeFiles/CMakeTmp'
/usr/bin/make  -f CMakeFiles/cmTC_8667a.dir/build.make CMakeFiles/cmTC_8667a.dir/build
make[4]: Entering directory '/home/smartcam/Desktop/EE_code/multipurposecamera/EE_team/init_resources/openpose/openpose-1.7.0/build/caffe/src/openpose_lib-build/CMakeFiles/CMakeTmp'
Building C object CMakeFiles/cmTC_8667a.dir/src.c.o
/usr/bin/cc   -DCMAKE_HAVE_LIBC_PTHREAD -o CMakeFiles/cmTC_8667a.dir/src.c.o -c /home/smartcam/Desktop/EE_code/multipurposecamera/EE_team/init_resources/openpose/openpose-1.7.0/build/caffe/src/openpose_lib-build/CMakeFiles/CMakeTmp/src.c
Linking C executable cmTC_8667a
/usr/local/bin/cmake -E cmake_link_script CMakeFiles/cmTC_8667a.dir/link.txt --verbose=1
/usr/bin/cc  -DCMAKE_HAVE_LIBC_PTHREAD -rdynamic CMakeFiles/cmTC_8667a.dir/src.c.o -o cmTC_8667a 
CMakeFiles/cmTC_8667a.dir/src.c.o: In function `main':
src.c:(.text+0x48): undefined reference to `pthread_create'
src.c:(.text+0x50): undefined reference to `pthread_detach'
src.c:(.text+0x58): undefined reference to `pthread_cancel'
src.c:(.text+0x64): undefined reference to `pthread_join'
src.c:(.text+0x74): undefined reference to `pthread_atfork'
collect2: error: ld returned 1 exit status
CMakeFiles/cmTC_8667a.dir/build.make:105: recipe for target 'cmTC_8667a' failed
make[4]: *** [cmTC_8667a] Error 1
make[4]: Leaving directory '/home/smartcam/Desktop/EE_code/multipurposecamera/EE_team/init_resources/openpose/openpose-1.7.0/build/caffe/src/openpose_lib-build/CMakeFiles/CMakeTmp'
Makefile:140: recipe for target 'cmTC_8667a/fast' failed
make[3]: *** [cmTC_8667a/fast] Error 2
make[3]: Leaving directory '/home/smartcam/Desktop/EE_code/multipurposecamera/EE_team/init_resources/openpose/openpose-1.7.0/build/caffe/src/openpose_lib-build/CMakeFiles/CMakeTmp'


Source file was:
#include <pthread.h>

void* test_func(void* data)
{
  return data;
}

int main(void)
{
  pthread_t thread;
  pthread_create(&thread, NULL, test_func, NULL);
  pthread_detach(thread);
  pthread_cancel(thread);
  pthread_join(thread, NULL);
  pthread_atfork(NULL, NULL, NULL);
  pthread_exit(NULL);

  return 0;
}

Determining if the function pthread_create exists in the pthreads failed with the following output:
Change Dir: /home/smartcam/Desktop/EE_code/multipurposecamera/EE_team/init_resources/openpose/openpose-1.7.0/build/caffe/src/openpose_lib-build/CMakeFiles/CMakeTmp

Run Build Command(s):/usr/bin/make cmTC_29391/fast && make[3]: Entering directory '/home/smartcam/Desktop/EE_code/multipurposecamera/EE_team/init_resources/openpose/openpose-1.7.0/build/caffe/src/openpose_lib-build/CMakeFiles/CMakeTmp'
/usr/bin/make  -f CMakeFiles/cmTC_29391.dir/build.make CMakeFiles/cmTC_29391.dir/build
make[4]: Entering directory '/home/smartcam/Desktop/EE_code/multipurposecamera/EE_team/init_resources/openpose/openpose-1.7.0/build/caffe/src/openpose_lib-build/CMakeFiles/CMakeTmp'
Building C object CMakeFiles/cmTC_29391.dir/CheckFunctionExists.c.o
/usr/bin/cc   -DCHECK_FUNCTION_EXISTS=pthread_create -o CMakeFiles/cmTC_29391.dir/CheckFunctionExists.c.o -c /usr/local/share/cmake-3.18/Modules/CheckFunctionExists.c
Linking C executable cmTC_29391
/usr/local/bin/cmake -E cmake_link_script CMakeFiles/cmTC_29391.dir/link.txt --verbose=1
/usr/bin/cc  -DCHECK_FUNCTION_EXISTS=pthread_create -rdynamic CMakeFiles/cmTC_29391.dir/CheckFunctionExists.c.o -o cmTC_29391  -lpthreads 
/usr/bin/ld: cannot find -lpthreads
collect2: error: ld returned 1 exit status
CMakeFiles/cmTC_29391.dir/build.make:105: recipe for target 'cmTC_29391' failed
make[4]: *** [cmTC_29391] Error 1
make[4]: Leaving directory '/home/smartcam/Desktop/EE_code/multipurposecamera/EE_team/init_resources/openpose/openpose-1.7.0/build/caffe/src/openpose_lib-build/CMakeFiles/CMakeTmp'
Makefile:140: recipe for target 'cmTC_29391/fast' failed
make[3]: *** [cmTC_29391/fast] Error 2
make[3]: Leaving directory '/home/smartcam/Desktop/EE_code/multipurposecamera/EE_team/init_resources/openpose/openpose-1.7.0/build/caffe/src/openpose_lib-build/CMakeFiles/CMakeTmp'



