Performing C SOURCE FILE Test CMAKE_HAVE_LIBC_PTHREAD failed with the following output:
Change Dir: /home/smartcam/Desktop/EE_code/multipurposecamera/EE_team/init_resources/openpose/openpose-1.7.0/build/CMakeFiles/CMakeTmp

Run Build Command(s):/usr/bin/make cmTC_9055b/fast && /usr/bin/make  -f CMakeFiles/cmTC_9055b.dir/build.make CMakeFiles/cmTC_9055b.dir/build
make[1]: Entering directory '/home/smartcam/Desktop/EE_code/multipurposecamera/EE_team/init_resources/openpose/openpose-1.7.0/build/CMakeFiles/CMakeTmp'
Building C object CMakeFiles/cmTC_9055b.dir/src.c.o
/usr/bin/cc   -fPIC -DCMAKE_HAVE_LIBC_PTHREAD -o CMakeFiles/cmTC_9055b.dir/src.c.o -c /home/smartcam/Desktop/EE_code/multipurposecamera/EE_team/init_resources/openpose/openpose-1.7.0/build/CMakeFiles/CMakeTmp/src.c
Linking C executable cmTC_9055b
/usr/local/bin/cmake -E cmake_link_script CMakeFiles/cmTC_9055b.dir/link.txt --verbose=1
/usr/bin/cc -fPIC -DCMAKE_HAVE_LIBC_PTHREAD -rdynamic CMakeFiles/cmTC_9055b.dir/src.c.o -o cmTC_9055b 
CMakeFiles/cmTC_9055b.dir/src.c.o: In function `main':
src.c:(.text+0x48): undefined reference to `pthread_create'
src.c:(.text+0x50): undefined reference to `pthread_detach'
src.c:(.text+0x58): undefined reference to `pthread_cancel'
src.c:(.text+0x64): undefined reference to `pthread_join'
src.c:(.text+0x74): undefined reference to `pthread_atfork'
collect2: error: ld returned 1 exit status
CMakeFiles/cmTC_9055b.dir/build.make:105: recipe for target 'cmTC_9055b' failed
make[1]: *** [cmTC_9055b] Error 1
make[1]: Leaving directory '/home/smartcam/Desktop/EE_code/multipurposecamera/EE_team/init_resources/openpose/openpose-1.7.0/build/CMakeFiles/CMakeTmp'
Makefile:140: recipe for target 'cmTC_9055b/fast' failed
make: *** [cmTC_9055b/fast] Error 2


Source file was:
#include <pthread.h>

void* test_func(void* data)
{
  return data;
}

int main(void)
{
  pthread_t thread;
  pthread_create(&thread, NULL, test_func, NULL);
  pthread_detach(thread);
  pthread_cancel(thread);
  pthread_join(thread, NULL);
  pthread_atfork(NULL, NULL, NULL);
  pthread_exit(NULL);

  return 0;
}

Determining if the function pthread_create exists in the pthreads failed with the following output:
Change Dir: /home/smartcam/Desktop/EE_code/multipurposecamera/EE_team/init_resources/openpose/openpose-1.7.0/build/CMakeFiles/CMakeTmp

Run Build Command(s):/usr/bin/make cmTC_6f65a/fast && /usr/bin/make  -f CMakeFiles/cmTC_6f65a.dir/build.make CMakeFiles/cmTC_6f65a.dir/build
make[1]: Entering directory '/home/smartcam/Desktop/EE_code/multipurposecamera/EE_team/init_resources/openpose/openpose-1.7.0/build/CMakeFiles/CMakeTmp'
Building C object CMakeFiles/cmTC_6f65a.dir/CheckFunctionExists.c.o
/usr/bin/cc   -fPIC -DCHECK_FUNCTION_EXISTS=pthread_create -o CMakeFiles/cmTC_6f65a.dir/CheckFunctionExists.c.o -c /usr/local/share/cmake-3.18/Modules/CheckFunctionExists.c
Linking C executable cmTC_6f65a
/usr/local/bin/cmake -E cmake_link_script CMakeFiles/cmTC_6f65a.dir/link.txt --verbose=1
/usr/bin/cc -fPIC -DCHECK_FUNCTION_EXISTS=pthread_create -rdynamic CMakeFiles/cmTC_6f65a.dir/CheckFunctionExists.c.o -o cmTC_6f65a  -lpthreads 
/usr/bin/ld: cannot find -lpthreads
collect2: error: ld returned 1 exit status
CMakeFiles/cmTC_6f65a.dir/build.make:105: recipe for target 'cmTC_6f65a' failed
make[1]: *** [cmTC_6f65a] Error 1
make[1]: Leaving directory '/home/smartcam/Desktop/EE_code/multipurposecamera/EE_team/init_resources/openpose/openpose-1.7.0/build/CMakeFiles/CMakeTmp'
Makefile:140: recipe for target 'cmTC_6f65a/fast' failed
make: *** [cmTC_6f65a/fast] Error 2



